<?xml version="1.0" encoding="UTF-8"?>
<testsuite xmlns:xsi="http://www.w3.org/2001/XMLSchema-instance" xsi:noNamespaceSchemaLocation="https://maven.apache.org/surefire/maven-surefire-plugin/xsd/surefire-test-report-3.0.xsd" version="3.0" name="TestSuite" time="20.651" tests="6" errors="0" skipped="0" failures="0">
  <properties>
[...]
</properties>
  <testcase name="Chrome" classname="Suit.TC_001" time="5.034">
    <system-out><![CDATA[1--Chrome-Suit
2--Chrome-Suit
]]></system-out>
  </testcase>
  <testcase name="Chrome" classname="Parallell.chrome" time="5.08">
    <system-out><![CDATA[1--Chrome-Parallel
2--Chrome-Parallel
]]></system-out>
  </testcase>
  <testcase name="fire" classname="Suit.Fire" time="5.081">
    <system-out><![CDATA[1--Fire-Suit
2--Fire-Suit
]]></system-out>
  </testcase>
  <testcase name="login" classname="Proposal.Login" time="0.001">
    <system-out><![CDATA[Print LOGIN
]]></system-out>
  </testcase>
  <testcase name="fire" classname="Parallell.Fire" time="5.083">
    <system-out><![CDATA[1--Fire-Parallel
2--Fire-Parallel
]]></system-out>
  </testcase>
  <testcase name="IDV" classname="Proposal.IDv" time="0.009">
    <system-out><![CDATA[Print IDV
]]></system-out>
  </testcase>
</testsuite>