<?xml version="1.0" encoding="UTF-8"?>
<testng-results ignored="0" total="6" passed="6" failed="0" skipped="0">
  <reporter-output>
  </reporter-output>
  <suite started-at="2023-09-13T20:10:00 IST" name="Suite" finished-at="2023-09-13T20:10:20 IST" duration-ms="20329">
    <groups>
    </groups>
    <test started-at="2023-09-13T20:10:00 IST" name="Test" finished-at="2023-09-13T20:10:20 IST" duration-ms="20329">
      <class name="Parallell.Fire">
        <test-method signature="fire()[pri:0, instance:Parallell.Fire@1a6d8329]" started-at="2023-09-13T20:10:15 IST" name="fire" finished-at="2023-09-13T20:10:20 IST" duration-ms="5077" status="PASS">
          <reporter-output>
          </reporter-output>
        </test-method> <!-- fire -->
      </class> <!-- Parallell.Fire -->
      <class name="Parallell.chrome">
        <test-method signature="Chrome()[pri:0, instance:Parallell.chrome@20140db9]" started-at="2023-09-13T20:10:05 IST" name="Chrome" finished-at="2023-09-13T20:10:10 IST" duration-ms="5076" status="PASS">
          <reporter-output>
          </reporter-output>
        </test-method> <!-- Chrome -->
      </class> <!-- Parallell.chrome -->
      <class name="Suit.TC_001">
        <test-method signature="Chrome()[pri:0, instance:Suit.TC_001@65c7a252]" started-at="2023-09-13T20:10:00 IST" name="Chrome" finished-at="2023-09-13T20:10:05 IST" duration-ms="5009" status="PASS">
          <reporter-output>
          </reporter-output>
        </test-method> <!-- Chrome -->
      </class> <!-- Suit.TC_001 -->
      <class name="Suit.Fire">
        <test-method signature="fire()[pri:0, instance:Suit.Fire@1e6a3214]" started-at="2023-09-13T20:10:10 IST" name="fire" finished-at="2023-09-13T20:10:15 IST" duration-ms="5078" status="PASS">
          <reporter-output>
          </reporter-output>
        </test-method> <!-- fire -->
      </class> <!-- Suit.Fire -->
      <class name="Proposal.Login">
        <test-method signature="login()[pri:0, instance:Proposal.Login@368247b9]" started-at="2023-09-13T20:10:15 IST" name="login" finished-at="2023-09-13T20:10:15 IST" duration-ms="0" status="PASS">
          <reporter-output>
          </reporter-output>
        </test-method> <!-- login -->
      </class> <!-- Proposal.Login -->
      <class name="Proposal.IDv">
        <test-method signature="IDV()[pri:0, instance:Proposal.IDv@1a942c18]" started-at="2023-09-13T20:10:20 IST" name="IDV" finished-at="2023-09-13T20:10:20 IST" duration-ms="5" status="PASS">
          <reporter-output>
          </reporter-output>
        </test-method> <!-- IDV -->
      </class> <!-- Proposal.IDv -->
    </test> <!-- Test -->
  </suite> <!-- Suite -->
</testng-results>
