<?xml version="1.0" encoding="UTF-8"?>
<!-- Generated by org.testng.reporters.JUnitXMLReporter -->
<testsuite ignored="0" hostname="Kabilans-MacBook-Pro.local" failures="0" tests="6" name="Test" time="20.087" errors="0" timestamp="2023-09-13T19:59:02 IST">
  <testcase classname="Suit.TC_001" name="Chrome" time="5.011"/>
  <testcase classname="Parallell.chrome" name="Chrome" time="5.007"/>
  <testcase classname="Suit.Fire" name="fire" time="5.024"/>
  <testcase classname="Proposal.Login" name="login" time="0.001"/>
  <testcase classname="Parallell.Fire" name="fire" time="5.006"/>
  <testcase classname="Proposal.IDv" name="IDV" time="0.001"/>
</testsuite> <!-- Test -->
