<?xml version="1.0" encoding="UTF-8"?>
<testng-results ignored="0" total="1" passed="1" failed="0" skipped="0">
  <reporter-output>
  </reporter-output>
  <suite started-at="2023-09-13T23:38:15 IST" name="Default suite" finished-at="2023-09-13T23:38:21 IST" duration-ms="6116">
    <groups>
    </groups>
    <test started-at="2023-09-13T23:38:15 IST" name="Default test" finished-at="2023-09-13T23:38:21 IST" duration-ms="6116">
      <class name="Proposal.Login">
        <test-method signature="login()[pri:0, instance:Proposal.Login@4145bad8]" started-at="2023-09-13T23:38:15 IST" name="login" finished-at="2023-09-13T23:38:21 IST" duration-ms="6095" status="PASS">
          <reporter-output>
          </reporter-output>
        </test-method> <!-- login -->
      </class> <!-- Proposal.Login -->
    </test> <!-- Default test -->
  </suite> <!-- Default suite -->
</testng-results>
